# JRE version: OpenJDK Runtime Environment Temurin-17.0.18+8 (17.0.18+8) (build 17.0.18+8)
# Java VM: OpenJDK 64-Bit Server VM Temurin-17.0.18+8 (17.0.18+8, mixed mode, sharing, tiered, compressed oops, compressed class ptrs, g1 gc, windows-amd64)
GC Precious Log:
 CPUs: 16 total, 16 available
 Memory: 65198M
 Large Page Support: Disabled
 NUMA Support: Disabled
 Compressed Oops: Enabled (32-bit)
 Heap Region Size: 1M
 Heap Min Capacity: 8M
 Heap Initial Capacity: 1020M
 Heap Max Capacity: 2G
 Pre-touch: Disabled
 Parallel Workers: 13
 Concurrent Workers: 3
 Concurrent Refinement Workers: 13
 Periodic GC: Disabled
Heap:
 garbage-first heap   total 280576K, used 217939K [0x0000000080000000, 0x0000000100000000)
  region size 1024K, 23 young (23552K), 2 survivors (2048K)
 Metaspace       used 184848K, committed 185920K, reserved 622592K
  class space    used 24100K, committed 24640K, reserved 425984K
GC Heap History (20 events):
Event: 22.680 GC heap before
{Heap before GC invocations=39 (full 0):
 garbage-first heap   total 280576K, used 174011K [0x0000000080000000, 0x0000000100000000)
  region size 1024K, 13 young (13312K), 7 survivors (7168K)
 Metaspace       used 159504K, committed 160448K, reserved 622592K
  class space    used 20846K, committed 21312K, reserved 425984K
}
Event: 22.684 GC heap after
{Heap after GC invocations=40 (full 0):
 garbage-first heap   total 280576K, used 159282K [0x0000000080000000, 0x0000000100000000)
  region size 1024K, 1 young (1024K), 1 survivors (1024K)
 Metaspace       used 159504K, committed 160448K, reserved 622592K
  class space    used 20846K, committed 21312K, reserved 425984K
}
Event: 24.909 GC heap before
{Heap before GC invocations=40 (full 0):
 garbage-first heap   total 280576K, used 236082K [0x0000000080000000, 0x0000000100000000)
  region size 1024K, 77 young (78848K), 1 survivors (1024K)
 Metaspace       used 161995K, committed 163008K, reserved 622592K
  class space    used 21114K, committed 21568K, reserved 425984K
}
Event: 24.912 GC heap after
{Heap after GC invocations=41 (full 0):
 garbage-first heap   total 280576K, used 165402K [0x0000000080000000, 0x0000000100000000)
  region size 1024K, 7 young (7168K), 7 survivors (7168K)
 Metaspace       used 161995K, committed 163008K, reserved 622592K
  class space    used 21114K, committed 21568K, reserved 425984K
}
Event: 25.368 GC heap before
{Heap before GC invocations=41 (full 0):
 garbage-first heap   total 280576K, used 236058K [0x0000000080000000, 0x0000000100000000)
  region size 1024K, 75 young (76800K), 7 survivors (7168K)
 Metaspace       used 166480K, committed 167552K, reserved 622592K
  class space    used 21519K, committed 22016K, reserved 425984K
}
Event: 25.372 GC heap after
{Heap after GC invocations=42 (full 0):
 garbage-first heap   total 280576K, used 166974K [0x0000000080000000, 0x0000000100000000)
  region size 1024K, 5 young (5120K), 5 survivors (5120K)
 Metaspace       used 166480K, committed 167552K, reserved 622592K
  class space    used 21519K, committed 22016K, reserved 425984K
}
Event: 25.802 GC heap before
{Heap before GC invocations=42 (full 0):
 garbage-first heap   total 280576K, used 233534K [0x0000000080000000, 0x0000000100000000)
  region size 1024K, 71 young (72704K), 5 survivors (5120K)
 Metaspace       used 170874K, committed 171904K, reserved 622592K
  class space    used 22164K, committed 22656K, reserved 425984K
}
Event: 25.806 GC heap after
{Heap after GC invocations=43 (full 0):
 garbage-first heap   total 280576K, used 175844K [0x0000000080000000, 0x0000000100000000)
  region size 1024K, 9 young (9216K), 9 survivors (9216K)
 Metaspace       used 170874K, committed 171904K, reserved 622592K
  class space    used 22164K, committed 22656K, reserved 425984K
}
Event: 26.346 GC heap before
{Heap before GC invocations=43 (full 0):
 garbage-first heap   total 280576K, used 233188K [0x0000000080000000, 0x0000000100000000)
  region size 1024K, 66 young (67584K), 9 survivors (9216K)
 Metaspace       used 174602K, committed 175744K, reserved 622592K
  class space    used 22682K, committed 23232K, reserved 425984K
}
Event: 26.354 GC heap after
{Heap after GC invocations=44 (full 0):
 garbage-first heap   total 280576K, used 180897K [0x0000000080000000, 0x0000000100000000)
  region size 1024K, 9 young (9216K), 9 survivors (9216K)
 Metaspace       used 174602K, committed 175744K, reserved 622592K
  class space    used 22682K, committed 23232K, reserved 425984K
}
Event: 26.746 GC heap before
{Heap before GC invocations=44 (full 0):
 garbage-first heap   total 280576K, used 232097K [0x0000000080000000, 0x0000000100000000)
  region size 1024K, 60 young (61440K), 9 survivors (9216K)
 Metaspace       used 176692K, committed 177856K, reserved 622592K
  class space    used 22984K, committed 23552K, reserved 425984K
}
Event: 26.751 GC heap after
{Heap after GC invocations=45 (full 0):
 garbage-first heap   total 280576K, used 188689K [0x0000000080000000, 0x0000000100000000)
  region size 1024K, 8 young (8192K), 8 survivors (8192K)
 Metaspace       used 176692K, committed 177856K, reserved 622592K
  class space    used 22984K, committed 23552K, reserved 425984K
}
Event: 27.012 GC heap before
{Heap before GC invocations=45 (full 0):
 garbage-first heap   total 280576K, used 234769K [0x0000000080000000, 0x0000000100000000)
  region size 1024K, 53 young (54272K), 8 survivors (8192K)
 Metaspace       used 178265K, committed 179392K, reserved 622592K
  class space    used 23260K, committed 23808K, reserved 425984K
}
Event: 27.018 GC heap after
{Heap after GC invocations=46 (full 0):
 garbage-first heap   total 280576K, used 195448K [0x0000000080000000, 0x0000000100000000)
  region size 1024K, 7 young (7168K), 7 survivors (7168K)
 Metaspace       used 178265K, committed 179392K, reserved 622592K
  class space    used 23260K, committed 23808K, reserved 425984K
}
Event: 27.417 GC heap before
{Heap before GC invocations=46 (full 0):
 garbage-first heap   total 280576K, used 235384K [0x0000000080000000, 0x0000000100000000)
  region size 1024K, 46 young (47104K), 7 survivors (7168K)
 Metaspace       used 181676K, committed 182784K, reserved 622592K
  class space    used 23772K, committed 24320K, reserved 425984K
}
Event: 27.421 GC heap after
{Heap after GC invocations=47 (full 0):
 garbage-first heap   total 280576K, used 197332K [0x0000000080000000, 0x0000000100000000)
  region size 1024K, 2 young (2048K), 2 survivors (2048K)
 Metaspace       used 181676K, committed 182784K, reserved 622592K
  class space    used 23772K, committed 24320K, reserved 425984K
}
Event: 27.733 GC heap before
{Heap before GC invocations=47 (full 0):
 garbage-first heap   total 280576K, used 236244K [0x0000000080000000, 0x0000000100000000)
  region size 1024K, 41 young (41984K), 2 survivors (2048K)
 Metaspace       used 183443K, committed 184576K, reserved 622592K
  class space    used 23925K, committed 24512K, reserved 425984K
}
Event: 27.736 GC heap after
{Heap after GC invocations=48 (full 0):
 garbage-first heap   total 280576K, used 196940K [0x0000000080000000, 0x0000000100000000)
  region size 1024K, 2 young (2048K), 2 survivors (2048K)
 Metaspace       used 183443K, committed 184576K, reserved 622592K
  class space    used 23925K, committed 24512K, reserved 425984K
}
Event: 28.057 GC heap before
{Heap before GC invocations=48 (full 0):
 garbage-first heap   total 280576K, used 238924K [0x0000000080000000, 0x0000000100000000)
  region size 1024K, 43 young (44032K), 2 survivors (2048K)
 Metaspace       used 184593K, committed 185728K, reserved 622592K
  class space    used 24067K, committed 24640K, reserved 425984K
}
Event: 28.061 GC heap after
{Heap after GC invocations=49 (full 0):
 garbage-first heap   total 280576K, used 197459K [0x0000000080000000, 0x0000000100000000)
  region size 1024K, 2 young (2048K), 2 survivors (2048K)
 Metaspace       used 184593K, committed 185728K, reserved 622592K
  class space    used 24067K, committed 24640K, reserved 425984K
}

