# JRE version: OpenJDK Runtime Environment Temurin-17.0.18+8 (17.0.18+8) (build 17.0.18+8)
# Java VM: OpenJDK 64-Bit Server VM Temurin-17.0.18+8 (17.0.18+8, mixed mode, sharing, tiered, compressed oops, compressed class ptrs, g1 gc, windows-amd64)
GC Precious Log:
 CPUs: 16 total, 16 available
 Memory: 65198M
 Large Page Support: Disabled
 NUMA Support: Disabled
 Compressed Oops: Enabled (32-bit)
 Heap Region Size: 1M
 Heap Min Capacity: 8M
 Heap Initial Capacity: 1020M
 Heap Max Capacity: 2G
 Pre-touch: Disabled
 Parallel Workers: 13
 Concurrent Workers: 3
 Concurrent Refinement Workers: 13
 Periodic GC: Disabled
Heap:
 garbage-first heap   total 256000K, used 154291K [0x0000000080000000, 0x0000000100000000)
  region size 1024K, 52 young (53248K), 15 survivors (15360K)
 Metaspace       used 101242K, committed 102144K, reserved 557056K
  class space    used 14246K, committed 14656K, reserved 425984K
GC Heap History (20 events):
Event: 4.835 GC heap before
{Heap before GC invocations=12 (full 0):
 garbage-first heap   total 81920K, used 66122K [0x0000000080000000, 0x0000000100000000)
  region size 1024K, 34 young (34816K), 3 survivors (3072K)
 Metaspace       used 47112K, committed 47680K, reserved 491520K
  class space    used 6691K, committed 6976K, reserved 425984K
}
Event: 4.837 GC heap after
{Heap after GC invocations=13 (full 0):
 garbage-first heap   total 81920K, used 35730K [0x0000000080000000, 0x0000000100000000)
  region size 1024K, 4 young (4096K), 4 survivors (4096K)
 Metaspace       used 47112K, committed 47680K, reserved 491520K
  class space    used 6691K, committed 6976K, reserved 425984K
}
Event: 5.186 GC heap before
{Heap before GC invocations=13 (full 0):
 garbage-first heap   total 81920K, used 65426K [0x0000000080000000, 0x0000000100000000)
  region size 1024K, 34 young (34816K), 4 survivors (4096K)
 Metaspace       used 48573K, committed 49088K, reserved 491520K
  class space    used 6890K, committed 7168K, reserved 425984K
}
Event: 5.190 GC heap after
{Heap after GC invocations=14 (full 0):
 garbage-first heap   total 81920K, used 40034K [0x0000000080000000, 0x0000000100000000)
  region size 1024K, 5 young (5120K), 5 survivors (5120K)
 Metaspace       used 48573K, committed 49088K, reserved 491520K
  class space    used 6890K, committed 7168K, reserved 425984K
}
Event: 5.283 GC heap before
{Heap before GC invocations=14 (full 0):
 garbage-first heap   total 81920K, used 64610K [0x0000000080000000, 0x0000000100000000)
  region size 1024K, 30 young (30720K), 5 survivors (5120K)
 Metaspace       used 48900K, committed 49408K, reserved 491520K
  class space    used 6917K, committed 7168K, reserved 425984K
}
Event: 5.287 GC heap after
{Heap after GC invocations=15 (full 0):
 garbage-first heap   total 563200K, used 41679K [0x0000000080000000, 0x0000000100000000)
  region size 1024K, 2 young (2048K), 2 survivors (2048K)
 Metaspace       used 48900K, committed 49408K, reserved 491520K
  class space    used 6917K, committed 7168K, reserved 425984K
}
Event: 6.649 GC heap before
{Heap before GC invocations=15 (full 0):
 garbage-first heap   total 563200K, used 271055K [0x0000000080000000, 0x0000000100000000)
  region size 1024K, 209 young (214016K), 2 survivors (2048K)
 Metaspace       used 59844K, committed 60416K, reserved 491520K
  class space    used 8286K, committed 8576K, reserved 425984K
}
Event: 6.655 GC heap after
{Heap after GC invocations=16 (full 0):
 garbage-first heap   total 563200K, used 72050K [0x0000000080000000, 0x0000000100000000)
  region size 1024K, 18 young (18432K), 18 survivors (18432K)
 Metaspace       used 59844K, committed 60416K, reserved 491520K
  class space    used 8286K, committed 8576K, reserved 425984K
}
Event: 7.752 GC heap before
{Heap before GC invocations=17 (full 0):
 garbage-first heap   total 256000K, used 210290K [0x0000000080000000, 0x0000000100000000)
  region size 1024K, 150 young (153600K), 18 survivors (18432K)
 Metaspace       used 69870K, committed 70528K, reserved 491520K
  class space    used 9659K, committed 9984K, reserved 425984K
}
Event: 7.758 GC heap after
{Heap after GC invocations=18 (full 0):
 garbage-first heap   total 256000K, used 82486K [0x0000000080000000, 0x0000000100000000)
  region size 1024K, 8 young (8192K), 8 survivors (8192K)
 Metaspace       used 69870K, committed 70528K, reserved 491520K
  class space    used 9659K, committed 9984K, reserved 425984K
}
Event: 8.620 GC heap before
{Heap before GC invocations=18 (full 0):
 garbage-first heap   total 256000K, used 198198K [0x0000000080000000, 0x0000000100000000)
  region size 1024K, 120 young (122880K), 8 survivors (8192K)
 Metaspace       used 78861K, committed 79552K, reserved 557056K
  class space    used 11058K, committed 11392K, reserved 425984K
}
Event: 8.624 GC heap after
{Heap after GC invocations=19 (full 0):
 garbage-first heap   total 256000K, used 86502K [0x0000000080000000, 0x0000000100000000)
  region size 1024K, 12 young (12288K), 12 survivors (12288K)
 Metaspace       used 78861K, committed 79552K, reserved 557056K
  class space    used 11058K, committed 11392K, reserved 425984K
}
Event: 9.594 GC heap before
{Heap before GC invocations=19 (full 0):
 garbage-first heap   total 256000K, used 202214K [0x0000000080000000, 0x0000000100000000)
  region size 1024K, 125 young (128000K), 12 survivors (12288K)
 Metaspace       used 88072K, committed 88896K, reserved 557056K
  class space    used 12353K, committed 12736K, reserved 425984K
}
Event: 9.601 GC heap after
{Heap after GC invocations=20 (full 0):
 garbage-first heap   total 256000K, used 93175K [0x0000000080000000, 0x0000000100000000)
  region size 1024K, 12 young (12288K), 12 survivors (12288K)
 Metaspace       used 88072K, committed 88896K, reserved 557056K
  class space    used 12353K, committed 12736K, reserved 425984K
}
Event: 10.354 GC heap before
{Heap before GC invocations=20 (full 0):
 garbage-first heap   total 256000K, used 203767K [0x0000000080000000, 0x0000000100000000)
  region size 1024K, 121 young (123904K), 12 survivors (12288K)
 Metaspace       used 91208K, committed 91968K, reserved 557056K
  class space    used 12846K, committed 13248K, reserved 425984K
}
Event: 10.362 GC heap after
{Heap after GC invocations=21 (full 0):
 garbage-first heap   total 256000K, used 100808K [0x0000000080000000, 0x0000000100000000)
  region size 1024K, 14 young (14336K), 14 survivors (14336K)
 Metaspace       used 91208K, committed 91968K, reserved 557056K
  class space    used 12846K, committed 13248K, reserved 425984K
}
Event: 11.095 GC heap before
{Heap before GC invocations=21 (full 0):
 garbage-first heap   total 256000K, used 206280K [0x0000000080000000, 0x0000000100000000)
  region size 1024K, 118 young (120832K), 14 survivors (14336K)
 Metaspace       used 94910K, committed 95744K, reserved 557056K
  class space    used 13287K, committed 13696K, reserved 425984K
}
Event: 11.103 GC heap after
{Heap after GC invocations=22 (full 0):
 garbage-first heap   total 256000K, used 108005K [0x0000000080000000, 0x0000000100000000)
  region size 1024K, 15 young (15360K), 15 survivors (15360K)
 Metaspace       used 94910K, committed 95744K, reserved 557056K
  class space    used 13287K, committed 13696K, reserved 425984K
}
Event: 11.710 GC heap before
{Heap before GC invocations=22 (full 0):
 garbage-first heap   total 256000K, used 190949K [0x0000000080000000, 0x0000000100000000)
  region size 1024K, 98 young (100352K), 15 survivors (15360K)
 Metaspace       used 100261K, committed 101120K, reserved 557056K
  class space    used 14063K, committed 14464K, reserved 425984K
}
Event: 11.717 GC heap after
{Heap after GC invocations=23 (full 0):
 garbage-first heap   total 256000K, used 117427K [0x0000000080000000, 0x0000000100000000)
  region size 1024K, 15 young (15360K), 15 survivors (15360K)
 Metaspace       used 100261K, committed 101120K, reserved 557056K
  class space    used 14063K, committed 14464K, reserved 425984K
}

